E:\VS2010\REDIS_CLI\HIREDIS\VSBUILD\WIN32\DEBUG\ASYNC.OBJ
E:\vs2010\redis_cli\hiredis\vsbuild\Win32\Debug\cl.command.1.tlog
E:\vs2010\redis_cli\hiredis\vsbuild\Win32\Debug\CL.read.1.tlog
E:\vs2010\redis_cli\hiredis\vsbuild\Win32\Debug\CL.write.1.tlog
E:\VS2010\REDIS_CLI\HIREDIS\VSBUILD\WIN32\DEBUG\DICT.OBJ
E:\VS2010\REDIS_CLI\HIREDIS\VSBUILD\WIN32\DEBUG\HIREDIS.DLL.EMBED.MANIFEST
E:\VS2010\REDIS_CLI\HIREDIS\VSBUILD\WIN32\DEBUG\HIREDIS.DLL.EMBED.MANIFEST.RES
E:\VS2010\REDIS_CLI\HIREDIS\VSBUILD\WIN32\DEBUG\HIREDIS.DLL.INTERMEDIATE.MANIFEST
E:\VS2010\REDIS_CLI\HIREDIS\VSBUILD\WIN32\DEBUG\HIREDIS.OBJ
E:\VS2010\REDIS_CLI\HIREDIS\VSBUILD\WIN32\DEBUG\HIREDIS.RES
E:\vs2010\redis_cli\hiredis\vsbuild\Win32\Debug\hiredis.write.1.tlog
E:\vs2010\redis_cli\hiredis\vsbuild\Win32\Debug\hiredis_manifest.rc
E:\vs2010\redis_cli\hiredis\vsbuild\Win32\Debug\link.command.1.tlog
E:\vs2010\redis_cli\hiredis\vsbuild\Win32\Debug\link.read.1.tlog
E:\vs2010\redis_cli\hiredis\vsbuild\Win32\Debug\link.write.1.tlog
E:\vs2010\redis_cli\hiredis\vsbuild\Win32\Debug\link-cvtres.read.1.tlog
E:\vs2010\redis_cli\hiredis\vsbuild\Win32\Debug\link-cvtres.write.1.tlog
E:\vs2010\redis_cli\hiredis\vsbuild\Win32\Debug\mt.command.1.tlog
E:\vs2010\redis_cli\hiredis\vsbuild\Win32\Debug\mt.read.1.tlog
E:\vs2010\redis_cli\hiredis\vsbuild\Win32\Debug\mt.write.1.tlog
E:\VS2010\REDIS_CLI\HIREDIS\VSBUILD\WIN32\DEBUG\NET.OBJ
E:\vs2010\redis_cli\hiredis\vsbuild\Win32\Debug\rc.command.1.tlog
E:\vs2010\redis_cli\hiredis\vsbuild\Win32\Debug\rc.read.1.tlog
E:\vs2010\redis_cli\hiredis\vsbuild\Win32\Debug\rc.write.1.tlog
E:\VS2010\REDIS_CLI\HIREDIS\VSBUILD\WIN32\DEBUG\SDS.OBJ
E:\vs2010\redis_cli\hiredis\vsbuild\Win32\Debug\vc100.idb
E:\VS2010\REDIS_CLI\HIREDIS\VSBUILD\WIN32\DEBUG\VC100.PDB
E:\VS2010\REDIS_CLI\REDIS_CLI\HIREDIS.DLL
E:\vs2010\redis_cli\redis_cli\hiredis.exp
E:\VS2010\REDIS_CLI\REDIS_CLI\HIREDIS.ILK
E:\vs2010\redis_cli\redis_cli\hiredis.lib
E:\VS2010\REDIS_CLI\REDIS_CLI\HIREDIS.PDB
