E:\VS2010\REDIS_CLI\DEBUG\REDIS_CLI.EXE
E:\VS2010\REDIS_CLI\DEBUG\REDIS_CLI.ILK
E:\VS2010\REDIS_CLI\DEBUG\REDIS_CLI.PDB
E:\vs2010\redis_cli\redis_cli\Debug\cl.command.1.tlog
E:\vs2010\redis_cli\redis_cli\Debug\CL.read.1.tlog
E:\vs2010\redis_cli\redis_cli\Debug\CL.write.1.tlog
E:\vs2010\redis_cli\redis_cli\Debug\link.6776.read.1.tlog
E:\vs2010\redis_cli\redis_cli\Debug\link.6776.write.1.tlog
E:\vs2010\redis_cli\redis_cli\Debug\link.6776-cvtres.read.1.tlog
E:\vs2010\redis_cli\redis_cli\Debug\link.6776-cvtres.write.1.tlog
E:\vs2010\redis_cli\redis_cli\Debug\link.command.1.tlog
E:\vs2010\redis_cli\redis_cli\Debug\link.read.1.tlog
E:\vs2010\redis_cli\redis_cli\Debug\link.write.1.tlog
E:\vs2010\redis_cli\redis_cli\Debug\link-cvtres.read.1.tlog
E:\vs2010\redis_cli\redis_cli\Debug\link-cvtres.write.1.tlog
E:\VS2010\REDIS_CLI\REDIS_CLI\DEBUG\MAIN.OBJ
E:\vs2010\redis_cli\redis_cli\Debug\mt.command.1.tlog
E:\vs2010\redis_cli\redis_cli\Debug\mt.read.1.tlog
E:\vs2010\redis_cli\redis_cli\Debug\mt.write.1.tlog
E:\vs2010\redis_cli\redis_cli\Debug\rc.command.1.tlog
E:\vs2010\redis_cli\redis_cli\Debug\rc.read.1.tlog
E:\vs2010\redis_cli\redis_cli\Debug\rc.write.1.tlog
E:\VS2010\REDIS_CLI\REDIS_CLI\DEBUG\REDIS_CLI.EXE.EMBED.MANIFEST
E:\VS2010\REDIS_CLI\REDIS_CLI\DEBUG\REDIS_CLI.EXE.EMBED.MANIFEST.RES
E:\VS2010\REDIS_CLI\REDIS_CLI\DEBUG\REDIS_CLI.EXE.INTERMEDIATE.MANIFEST
E:\vs2010\redis_cli\redis_cli\Debug\redis_cli.write.1.tlog
E:\vs2010\redis_cli\redis_cli\Debug\redis_cli_manifest.rc
E:\vs2010\redis_cli\redis_cli\Debug\vc100.idb
E:\VS2010\REDIS_CLI\REDIS_CLI\DEBUG\VC100.PDB
